[debug] [2022-11-15T07:10:14.168Z] ----------------------------------------------------------------------
[debug] [2022-11-15T07:10:14.169Z] Command:       C:\Program Files (x86)\nodejs\node.exe C:\Users\Sahil Singh\AppData\Roaming\npm\node_modules\firebase-tools\lib\bin\firebase.js init
[debug] [2022-11-15T07:10:14.170Z] CLI Version:   11.16.0
[debug] [2022-11-15T07:10:14.170Z] Platform:      win32
[debug] [2022-11-15T07:10:14.170Z] Node Version:  v16.18.0
[debug] [2022-11-15T07:10:14.171Z] Time:          Tue Nov 15 2022 12:40:14 GMT+0530 (India Standard Time)
[debug] [2022-11-15T07:10:14.171Z] ----------------------------------------------------------------------
[debug] 
[debug] [2022-11-15T07:10:14.177Z] > command requires scopes: ["email","openid","https://www.googleapis.com/auth/cloudplatformprojects.readonly","https://www.googleapis.com/auth/firebase","https://www.googleapis.com/auth/cloud-platform"]
[debug] [2022-11-15T07:10:14.177Z] > authorizing via signed-in user (rsinghsahil91@gmail.com)
[info] 
     ######## #### ########  ######## ########     ###     ######  ########
     ##        ##  ##     ## ##       ##     ##  ##   ##  ##       ##
     ######    ##  ########  ######   ########  #########  ######  ######
     ##        ##  ##    ##  ##       ##     ## ##     ##       ## ##
     ##       #### ##     ## ######## ########  ##     ##  ######  ########

You're about to initialize a Firebase project in this directory:

  C:\Users\Sahil Singh\Practice\Reactjs\my-app

[info] 
=== Project Setup
[info] 
[info] First, let's associate this project directory with a Firebase project.
[info] You can create multiple project aliases by running firebase use --add, 
[info] but for now we'll just set up a default project.
[info] 
[debug] [2022-11-15T07:10:23.201Z] >>> [apiv2][query] GET https://firebase.googleapis.com/v1beta1/projects pageSize=100
[debug] [2022-11-15T07:10:26.990Z] <<< [apiv2][status] GET https://firebase.googleapis.com/v1beta1/projects 200
[debug] [2022-11-15T07:10:26.991Z] <<< [apiv2][body] GET https://firebase.googleapis.com/v1beta1/projects [omitted]
[info] i  Using project anjali-automobiles-webpa-97262 (Anjali-AutoMobiles-Webpage) 
[info] 
=== Hosting Setup
[info] 
[info] Your public directory is the folder (relative to your project directory) that
[info] will contain Hosting assets to be uploaded with firebase deploy. If you
[info] have a build process for your assets, use your build's output directory.
[info] 
